[debug] [2026-06-30T03:29:55.279Z] ----------------------------------------------------------------------
[debug] [2026-06-30T03:29:55.281Z] Command:       /Users/dikshansh/node_modules/node/bin/node /Users/dikshansh/.npm/_npx/ba4f1959e38407b5/node_modules/.bin/firebase projects:create elite-mamba-clippers --display-name Elite Mamba Clippers
[debug] [2026-06-30T03:29:55.281Z] CLI Version:   15.22.3
[debug] [2026-06-30T03:29:55.281Z] Platform:      darwin
[debug] [2026-06-30T03:29:55.281Z] Node Version:  v25.0.0
[debug] [2026-06-30T03:29:55.281Z] Detected Agent: antigravity
[debug] [2026-06-30T03:29:55.281Z] Time:          Tue Jun 30 2026 08:59:55 GMT+0530 (India Standard Time)
[debug] [2026-06-30T03:29:55.281Z] ----------------------------------------------------------------------
[debug] 
[debug] [2026-06-30T03:29:55.283Z] > command requires scopes: ["email","openid","https://www.googleapis.com/auth/cloudplatformprojects.readonly","https://www.googleapis.com/auth/firebase","https://www.googleapis.com/auth/cloud-platform"]
[debug] [2026-06-30T03:29:55.284Z] > authorizing via signed-in user (dikshanshraipure@gmail.com)
[debug] [2026-06-30T03:29:55.285Z] Checked if tokens are valid: true, expires at: 1782793670049
[debug] [2026-06-30T03:29:55.285Z] Checked if tokens are valid: true, expires at: 1782793670049
[debug] [2026-06-30T03:29:55.285Z] >>> [apiv2][query] POST https://cloudresourcemanager.googleapis.com/v1/projects [none]
[debug] [2026-06-30T03:29:55.285Z] >>> [apiv2][body] POST https://cloudresourcemanager.googleapis.com/v1/projects {"projectId":"elite-mamba-clippers","name":"Elite Mamba Clippers"}
[debug] [2026-06-30T03:29:57.144Z] <<< [apiv2][status] POST https://cloudresourcemanager.googleapis.com/v1/projects 409
[debug] [2026-06-30T03:29:57.144Z] <<< [apiv2][body] POST https://cloudresourcemanager.googleapis.com/v1/projects {"error":{"code":409,"message":"Requested entity already exists","status":"ALREADY_EXISTS"}}
[debug] [2026-06-30T03:29:57.413Z] FirebaseError: Request to https://cloudresourcemanager.googleapis.com/v1/projects had HTTP Error: 409, Requested entity already exists
    at responseToError (/Users/dikshansh/.npm/_npx/ba4f1959e38407b5/node_modules/firebase-tools/lib/responseToError.js:53:12)
    at RetryOperation._fn (/Users/dikshansh/.npm/_npx/ba4f1959e38407b5/node_modules/firebase-tools/lib/apiv2.js:381:77)
    at process.processTicksAndRejections (node:internal/process/task_queues:103:5)
[error] 
[error] Error: Failed to create project because there is already a project with ID elite-mamba-clippers. Please try again with a unique project ID.
[debug] [2026-06-30T03:30:05.384Z] ----------------------------------------------------------------------
[debug] [2026-06-30T03:30:05.385Z] Command:       /Users/dikshansh/node_modules/node/bin/node /Users/dikshansh/.npm/_npx/ba4f1959e38407b5/node_modules/.bin/firebase projects:create elite-mamba-clippers-v2 --display-name Elite Mamba Clippers v2
[debug] [2026-06-30T03:30:05.385Z] CLI Version:   15.22.3
[debug] [2026-06-30T03:30:05.385Z] Platform:      darwin
[debug] [2026-06-30T03:30:05.385Z] Node Version:  v25.0.0
[debug] [2026-06-30T03:30:05.385Z] Detected Agent: antigravity
[debug] [2026-06-30T03:30:05.386Z] Time:          Tue Jun 30 2026 09:00:05 GMT+0530 (India Standard Time)
[debug] [2026-06-30T03:30:05.386Z] ----------------------------------------------------------------------
[debug] 
[debug] [2026-06-30T03:30:05.388Z] > command requires scopes: ["email","openid","https://www.googleapis.com/auth/cloudplatformprojects.readonly","https://www.googleapis.com/auth/firebase","https://www.googleapis.com/auth/cloud-platform"]
[debug] [2026-06-30T03:30:05.388Z] > authorizing via signed-in user (dikshanshraipure@gmail.com)
[debug] [2026-06-30T03:30:05.389Z] Checked if tokens are valid: true, expires at: 1782793670049
[debug] [2026-06-30T03:30:05.389Z] Checked if tokens are valid: true, expires at: 1782793670049
[debug] [2026-06-30T03:30:05.389Z] >>> [apiv2][query] POST https://cloudresourcemanager.googleapis.com/v1/projects [none]
[debug] [2026-06-30T03:30:05.389Z] >>> [apiv2][body] POST https://cloudresourcemanager.googleapis.com/v1/projects {"projectId":"elite-mamba-clippers-v2","name":"Elite Mamba Clippers v2"}
[debug] [2026-06-30T03:30:07.279Z] <<< [apiv2][status] POST https://cloudresourcemanager.googleapis.com/v1/projects 200
[debug] [2026-06-30T03:30:07.280Z] <<< [apiv2][body] POST https://cloudresourcemanager.googleapis.com/v1/projects {"name":"operations/create_project.global.5063440121532002245"}
[debug] [2026-06-30T03:30:07.281Z] Checked if tokens are valid: true, expires at: 1782793670049
[debug] [2026-06-30T03:30:07.281Z] Checked if tokens are valid: true, expires at: 1782793670049
[debug] [2026-06-30T03:30:07.281Z] >>> [apiv2][query] GET https://cloudresourcemanager.googleapis.com/v1/operations/create_project.global.5063440121532002245 [none]
[debug] [2026-06-30T03:30:08.756Z] <<< [apiv2][status] GET https://cloudresourcemanager.googleapis.com/v1/operations/create_project.global.5063440121532002245 200
[debug] [2026-06-30T03:30:08.756Z] <<< [apiv2][body] GET https://cloudresourcemanager.googleapis.com/v1/operations/create_project.global.5063440121532002245 {"name":"operations/create_project.global.5063440121532002245"}
[debug] [2026-06-30T03:30:09.258Z] [Project Creation Poller] Retrying task index 0
[debug] [2026-06-30T03:30:09.259Z] Checked if tokens are valid: true, expires at: 1782793670049
[debug] [2026-06-30T03:30:09.259Z] Checked if tokens are valid: true, expires at: 1782793670049
[debug] [2026-06-30T03:30:09.260Z] >>> [apiv2][query] GET https://cloudresourcemanager.googleapis.com/v1/operations/create_project.global.5063440121532002245 [none]
[debug] [2026-06-30T03:30:09.626Z] <<< [apiv2][status] GET https://cloudresourcemanager.googleapis.com/v1/operations/create_project.global.5063440121532002245 200
[debug] [2026-06-30T03:30:09.627Z] <<< [apiv2][body] GET https://cloudresourcemanager.googleapis.com/v1/operations/create_project.global.5063440121532002245 {"name":"operations/create_project.global.5063440121532002245","metadata":{"@type":"type.googleapis.com/google.cloudresourcemanager.v1.ProjectCreationStatus","gettable":true,"ready":true},"done":true,"response":{"@type":"type.googleapis.com/google.cloudresourcemanager.v1.Project","projectNumber":"96775715045","projectId":"elite-mamba-clippers-v2","lifecycleState":"ACTIVE","name":"Elite Mamba Clippers v2","createTime":"2026-06-30T03:30:06.921Z"}}
[debug] [2026-06-30T03:30:09.628Z] Checked if tokens are valid: true, expires at: 1782793670049
[debug] [2026-06-30T03:30:09.628Z] Checked if tokens are valid: true, expires at: 1782793670049
[debug] [2026-06-30T03:30:09.628Z] >>> [apiv2][query] POST https://firebase.googleapis.com/v1beta1/projects/elite-mamba-clippers-v2:addFirebase [none]
